<?xml version="1.0" encoding="UTF-8"?>
<testng-results skipped="0" failed="0" ignored="0" total="1" passed="1">
  <reporter-output>
  </reporter-output>
  <suite name="Default suite" duration-ms="8476" started-at="2019-12-19T07:43:08Z" finished-at="2019-12-19T07:43:17Z">
    <groups>
    </groups>
    <test name="Default test" duration-ms="8476" started-at="2019-12-19T07:43:08Z" finished-at="2019-12-19T07:43:17Z">
      <class name="com.restapi.RestAssuredAutomation.GetRequestDemo">
        <test-method status="PASS" signature="statusVerificationCode()[pri:0, instance:com.restapi.RestAssuredAutomation.GetRequestDemo@18be83e4]" name="statusVerificationCode" duration-ms="8358" started-at="2019-12-19T07:43:08Z" finished-at="2019-12-19T07:43:17Z">
          <reporter-output>
          </reporter-output>
        </test-method> <!-- statusVerificationCode -->
      </class> <!-- com.restapi.RestAssuredAutomation.GetRequestDemo -->
    </test> <!-- Default test -->
  </suite> <!-- Default suite -->
</testng-results>
